  Source.cpp
C:\Users\Владимир\Desktop\Политех\Инфа\Лабораторные работы классы\Лаба 11\Код\Laba_11\Ex_1.h(69,12): warning C4244: аргумент: преобразование "time_t" в "unsigned int", возможна потеря данных
C:\Users\Владимир\Desktop\Политех\Инфа\Лабораторные работы классы\Лаба 11\Код\Laba_11\Ex_2.h(38,21): warning C4267: /=: преобразование из "size_t" в "int"; возможна потеря данных
C:\Users\Владимир\Desktop\Политех\Инфа\Лабораторные работы классы\Лаба 11\Код\Laba_11\Ex_2.h(98,12): warning C4244: аргумент: преобразование "time_t" в "unsigned int", возможна потеря данных
C:\Users\Владимир\Desktop\Политех\Инфа\Лабораторные работы классы\Лаба 11\Код\Laba_11\Ex_3.h(432,12): warning C4244: аргумент: преобразование "time_t" в "unsigned int", возможна потеря данных
C:\Users\Владимир\Desktop\Политех\Инфа\Лабораторные работы классы\Лаба 11\Код\Laba_11\Ex_4.h(48,24): warning C4267: /=: преобразование из "size_t" в "int"; возможна потеря данных
C:\Users\Владимир\Desktop\Политех\Инфа\Лабораторные работы классы\Лаба 11\Код\Laba_11\Ex_4.h(123,12): warning C4244: аргумент: преобразование "time_t" в "unsigned int", возможна потеря данных
C:\Users\Владимир\Desktop\Политех\Инфа\Лабораторные работы классы\Лаба 11\Код\Laba_11\Ex_5.h(188,12): warning C4244: аргумент: преобразование "time_t" в "unsigned int", возможна потеря данных
C:\Users\Владимир\Desktop\Политех\Инфа\Лабораторные работы классы\Лаба 11\Код\Laba_11\Ex_5.h(62,1): warning C4267: =: преобразование из "size_t" в "int"; возможна потеря данных
C:\Users\Владимир\Desktop\Политех\Инфа\Лабораторные работы классы\Лаба 11\Код\Laba_11\Ex_5.h(51,1): message : во время компиляции функции-члена класс шаблон "void List_5<Pair>::make_list(void)"
C:\Users\Владимир\Desktop\Политех\Инфа\Лабораторные работы классы\Лаба 11\Код\Laba_11\Ex_5.h(191,16): message : выполняется компиляция ссылки на экземпляр шаблон функции "void List_5<Pair>::make_list(void)"
C:\Users\Владимир\Desktop\Политех\Инфа\Лабораторные работы классы\Лаба 11\Код\Laba_11\Ex_5.h(189,6): message : выполняется компиляция ссылки на экземпляр класс шаблон функции "List_5<Pair>"
C:\Users\Владимир\Desktop\Политех\Инфа\Лабораторные работы классы\Лаба 11\Код\Laba_11\Ex_5.h(97,1): warning C4267: =: преобразование из "size_t" в "int"; возможна потеря данных
C:\Users\Владимир\Desktop\Политех\Инфа\Лабораторные работы классы\Лаба 11\Код\Laba_11\Ex_5.h(82,1): message : во время компиляции функции-члена класс шаблон "void List_5<Pair>::average(void)"
C:\Users\Владимир\Desktop\Политех\Инфа\Лабораторные работы классы\Лаба 11\Код\Laba_11\Ex_5.h(195,14): message : выполняется компиляция ссылки на экземпляр шаблон функции "void List_5<Pair>::average(void)"
C:\Users\Владимир\Desktop\Политех\Инфа\Лабораторные работы классы\Лаба 11\Код\Laba_11\Ex_5.h(120,1): warning C4267: =: преобразование из "size_t" в "int"; возможна потеря данных
C:\Users\Владимир\Desktop\Политех\Инфа\Лабораторные работы классы\Лаба 11\Код\Laba_11\Ex_5.h(103,1): message : во время компиляции функции-члена класс шаблон "void List_5<Pair>::remove(void)"
C:\Users\Владимир\Desktop\Политех\Инфа\Лабораторные работы классы\Лаба 11\Код\Laba_11\Ex_5.h(199,13): message : выполняется компиляция ссылки на экземпляр шаблон функции "void List_5<Pair>::remove(void)"
C:\Users\Владимир\Desktop\Политех\Инфа\Лабораторные работы классы\Лаба 11\Код\Laba_11\Ex_5.h(161,1): warning C4267: =: преобразование из "size_t" в "int"; возможна потеря данных
C:\Users\Владимир\Desktop\Политех\Инфа\Лабораторные работы классы\Лаба 11\Код\Laba_11\Ex_5.h(125,1): message : во время компиляции функции-члена класс шаблон "void List_5<Pair>::add_min_max(void)"
C:\Users\Владимир\Desktop\Политех\Инфа\Лабораторные работы классы\Лаба 11\Код\Laba_11\Ex_5.h(203,18): message : выполняется компиляция ссылки на экземпляр шаблон функции "void List_5<Pair>::add_min_max(void)"
  Laba_11.vcxproj -> C:\Users\Владимир\Desktop\Политех\Инфа\Лабораторные работы классы\Лаба 11\Код\Laba_11\x64\Debug\Laba_11.exe
